2022-12-09 21:16:31.179 [background-preinit] INFO  org.hibernate.validator.internal.util.Version - HV000001: Hibernate Validator 6.2.5.Final
2022-12-09 21:16:31.271 [restartedMain] INFO  com.vti.SpringDataApplication - Starting SpringDataApplication using Java 11.0.8 on pvthang13 with PID 19420 (C:\Users\viett\Documents\VTIscr\Slide8\Slide08\Slide08\target\classes started by viett in C:\Users\viett\Documents\VTIscr\Slide8\Slide08\Slide08)
2022-12-09 21:16:31.280 [restartedMain] INFO  com.vti.SpringDataApplication - No active profile set, falling back to 1 default profile: "default"
2022-12-09 21:16:31.399 [restartedMain] INFO  org.springframework.boot.devtools.env.DevToolsPropertyDefaultsPostProcessor - Devtools property defaults active! Set 'spring.devtools.add-properties' to 'false' to disable
2022-12-09 21:16:31.400 [restartedMain] INFO  org.springframework.boot.devtools.env.DevToolsPropertyDefaultsPostProcessor - For additional web related logging consider setting the 'logging.level.web' property to 'DEBUG'
2022-12-09 21:16:33.900 [restartedMain] INFO  org.springframework.data.repository.config.RepositoryConfigurationDelegate - Bootstrapping Spring Data JPA repositories in DEFAULT mode.
2022-12-09 21:16:34.048 [restartedMain] INFO  org.springframework.data.repository.config.RepositoryConfigurationDelegate - Finished Spring Data repository scanning in 124 ms. Found 2 JPA repository interfaces.
2022-12-09 21:16:36.085 [restartedMain] INFO  org.springframework.boot.web.embedded.tomcat.TomcatWebServer - Tomcat initialized with port(s): 8080 (http)
2022-12-09 21:16:36.114 [restartedMain] INFO  org.apache.coyote.http11.Http11NioProtocol - Initializing ProtocolHandler ["http-nio-8080"]
2022-12-09 21:16:36.115 [restartedMain] INFO  org.apache.catalina.core.StandardService - Starting service [Tomcat]
2022-12-09 21:16:36.115 [restartedMain] INFO  org.apache.catalina.core.StandardEngine - Starting Servlet engine: [Apache Tomcat/9.0.69]
2022-12-09 21:16:36.388 [restartedMain] INFO  org.apache.catalina.core.ContainerBase.[Tomcat].[localhost].[/] - Initializing Spring embedded WebApplicationContext
2022-12-09 21:16:36.389 [restartedMain] INFO  org.springframework.boot.web.servlet.context.ServletWebServerApplicationContext - Root WebApplicationContext: initialization completed in 4987 ms
2022-12-09 21:16:36.823 [restartedMain] INFO  org.hibernate.jpa.internal.util.LogHelper - HHH000204: Processing PersistenceUnitInfo [name: default]
2022-12-09 21:16:36.978 [restartedMain] INFO  org.hibernate.Version - HHH000412: Hibernate ORM core version 5.6.14.Final
2022-12-09 21:16:37.406 [restartedMain] INFO  org.hibernate.annotations.common.Version - HCANN000001: Hibernate Commons Annotations {5.1.2.Final}
2022-12-09 21:16:37.692 [restartedMain] INFO  com.zaxxer.hikari.HikariDataSource - HikariPool-1 - Starting...
2022-12-09 21:16:38.578 [restartedMain] INFO  com.zaxxer.hikari.HikariDataSource - HikariPool-1 - Start completed.
2022-12-09 21:16:38.650 [restartedMain] INFO  org.hibernate.dialect.Dialect - HHH000400: Using dialect: org.hibernate.dialect.MySQL8Dialect
2022-12-09 21:16:40.432 [restartedMain] INFO  org.hibernate.engine.transaction.jta.platform.internal.JtaPlatformInitiator - HHH000490: Using JtaPlatform implementation: [org.hibernate.engine.transaction.jta.platform.internal.NoJtaPlatform]
2022-12-09 21:16:40.448 [restartedMain] INFO  org.springframework.orm.jpa.LocalContainerEntityManagerFactoryBean - Initialized JPA EntityManagerFactory for persistence unit 'default'
2022-12-09 21:16:42.634 [restartedMain] WARN  org.springframework.boot.autoconfigure.orm.jpa.JpaBaseConfiguration$JpaWebConfiguration - spring.jpa.open-in-view is enabled by default. Therefore, database queries may be performed during view rendering. Explicitly configure spring.jpa.open-in-view to disable this warning
2022-12-09 21:16:43.252 [restartedMain] INFO  org.springframework.boot.autoconfigure.web.servlet.WelcomePageHandlerMapping - Adding welcome page: class path resource [static/index.html]
2022-12-09 21:16:43.431 [restartedMain] INFO  org.springframework.security.web.DefaultSecurityFilterChain - Will secure any request with [org.springframework.security.web.session.DisableEncodeUrlFilter@33617085, org.springframework.security.web.context.request.async.WebAsyncManagerIntegrationFilter@5844440d, org.springframework.security.web.context.SecurityContextPersistenceFilter@7d403e04, org.springframework.security.web.header.HeaderWriterFilter@61cbd9af, org.springframework.web.filter.CorsFilter@12a7219, org.springframework.security.web.authentication.logout.LogoutFilter@336e1870, org.springframework.security.web.authentication.UsernamePasswordAuthenticationFilter@1c487e65, org.springframework.security.web.authentication.www.BasicAuthenticationFilter@3a2a2c88, org.springframework.security.web.savedrequest.RequestCacheAwareFilter@698962c4, org.springframework.security.web.servletapi.SecurityContextHolderAwareRequestFilter@6dc1c404, org.springframework.security.web.authentication.rememberme.RememberMeAuthenticationFilter@595029f2, org.springframework.security.web.authentication.AnonymousAuthenticationFilter@3cf108de, org.springframework.security.web.session.SessionManagementFilter@45a7dc93, org.springframework.security.web.access.ExceptionTranslationFilter@7998551, org.springframework.security.web.access.intercept.AuthorizationFilter@64661da8]
2022-12-09 21:16:43.435 [restartedMain] WARN  org.springframework.security.config.annotation.web.builders.WebSecurity - You are asking Spring Security to ignore Ant [pattern='/']. This is not recommended -- please use permitAll via HttpSecurity#authorizeHttpRequests instead.
2022-12-09 21:16:43.436 [restartedMain] INFO  org.springframework.security.web.DefaultSecurityFilterChain - Will not secure Ant [pattern='/']
2022-12-09 21:16:43.437 [restartedMain] WARN  org.springframework.security.config.annotation.web.builders.WebSecurity - You are asking Spring Security to ignore Ant [pattern='/index.html']. This is not recommended -- please use permitAll via HttpSecurity#authorizeHttpRequests instead.
2022-12-09 21:16:43.437 [restartedMain] INFO  org.springframework.security.web.DefaultSecurityFilterChain - Will not secure Ant [pattern='/index.html']
2022-12-09 21:16:43.438 [restartedMain] WARN  org.springframework.security.config.annotation.web.builders.WebSecurity - You are asking Spring Security to ignore Ant [pattern='/common/**']. This is not recommended -- please use permitAll via HttpSecurity#authorizeHttpRequests instead.
2022-12-09 21:16:43.438 [restartedMain] INFO  org.springframework.security.web.DefaultSecurityFilterChain - Will not secure Ant [pattern='/common/**']
2022-12-09 21:16:43.438 [restartedMain] WARN  org.springframework.security.config.annotation.web.builders.WebSecurity - You are asking Spring Security to ignore Ant [pattern='/page/**']. This is not recommended -- please use permitAll via HttpSecurity#authorizeHttpRequests instead.
2022-12-09 21:16:43.438 [restartedMain] INFO  org.springframework.security.web.DefaultSecurityFilterChain - Will not secure Ant [pattern='/page/**']
2022-12-09 21:16:43.629 [restartedMain] INFO  org.springframework.boot.devtools.autoconfigure.OptionalLiveReloadServer - LiveReload server is running on port 35729
2022-12-09 21:16:44.091 [restartedMain] INFO  org.apache.coyote.http11.Http11NioProtocol - Starting ProtocolHandler ["http-nio-8080"]
2022-12-09 21:16:44.146 [restartedMain] INFO  org.springframework.boot.web.embedded.tomcat.TomcatWebServer - Tomcat started on port(s): 8080 (http) with context path ''
2022-12-09 21:16:44.973 [restartedMain] INFO  com.vti.SpringDataApplication - Started SpringDataApplication in 14.493 seconds (JVM running for 17.375)
2022-12-09 21:17:02.703 [http-nio-8080-exec-1] INFO  org.apache.catalina.core.ContainerBase.[Tomcat].[localhost].[/] - Initializing Spring DispatcherServlet 'dispatcherServlet'
2022-12-09 21:17:02.704 [http-nio-8080-exec-1] INFO  org.springframework.web.servlet.DispatcherServlet - Initializing Servlet 'dispatcherServlet'
2022-12-09 21:17:02.709 [http-nio-8080-exec-1] INFO  org.springframework.web.servlet.DispatcherServlet - Completed initialization in 5 ms
2022-12-09 21:20:07.005 [http-nio-8080-exec-5] WARN  org.apache.catalina.util.SessionIdGeneratorBase - Creation of SecureRandom instance for session ID generation using [SHA1PRNG] took [255] milliseconds.
2022-12-09 21:22:26.952 [http-nio-8080-exec-3] ERROR com.vti.configuration.exception.ErrorHandler - java.lang.NullPointerException
2022-12-09 21:22:26.958 [http-nio-8080-exec-3] WARN  org.springframework.web.servlet.mvc.method.annotation.ExceptionHandlerExceptionResolver - Resolved [java.lang.NullPointerException]
2022-12-09 21:28:17.436 [http-nio-8080-exec-9] ERROR com.vti.configuration.exception.ErrorHandler - java.lang.NullPointerException
2022-12-09 21:28:17.440 [http-nio-8080-exec-9] WARN  org.springframework.web.servlet.mvc.method.annotation.ExceptionHandlerExceptionResolver - Resolved [java.lang.NullPointerException]
2022-12-09 21:55:58.486 [http-nio-8080-exec-7] WARN  org.springframework.web.servlet.mvc.method.annotation.ExceptionHandlerExceptionResolver - Resolved [org.springframework.web.HttpRequestMethodNotSupportedException: Request method 'DELETE' not supported]
2022-12-09 21:56:12.811 [http-nio-8080-exec-5] WARN  org.springframework.web.servlet.mvc.method.annotation.ExceptionHandlerExceptionResolver - Resolved [org.springframework.web.HttpRequestMethodNotSupportedException: Request method 'DELETE' not supported]
2022-12-09 21:56:27.167 [http-nio-8080-exec-3] WARN  org.springframework.web.servlet.mvc.method.annotation.ExceptionHandlerExceptionResolver - Resolved [org.springframework.web.HttpRequestMethodNotSupportedException: Request method 'DELETE' not supported]
2022-12-09 21:56:31.650 [http-nio-8080-exec-10] WARN  org.springframework.web.servlet.mvc.method.annotation.ExceptionHandlerExceptionResolver - Resolved [org.springframework.web.HttpRequestMethodNotSupportedException: Request method 'DELETE' not supported]
2022-12-09 21:57:36.814 [http-nio-8080-exec-4] WARN  org.springframework.web.servlet.mvc.method.annotation.ExceptionHandlerExceptionResolver - Resolved [org.springframework.web.bind.MethodArgumentNotValidException: Validation failed for argument [0] in public void com.vti.controller.DepartmentController.create(com.vti.form.DepartmentCreateForm): [Field error in object 'departmentCreateForm' on field 'name': rejected value [sql]; codes [DepartmentNameNotExsits.departmentCreateForm.name,DepartmentNameNotExsits.name,DepartmentNameNotExsits.java.lang.String,DepartmentNameNotExsits]; arguments [org.springframework.context.support.DefaultMessageSourceResolvable: codes [departmentCreateForm.name,name]; arguments []; default message [name]]; default message [Tên phòng ban đã tồn tại.]] ]
2022-12-09 21:58:08.354 [http-nio-8080-exec-7] WARN  org.springframework.web.servlet.mvc.method.annotation.ExceptionHandlerExceptionResolver - Resolved [org.springframework.web.HttpRequestMethodNotSupportedException: Request method 'DELETE' not supported]
2022-12-09 21:58:24.000 [http-nio-8080-exec-3] WARN  org.springframework.web.servlet.mvc.method.annotation.ExceptionHandlerExceptionResolver - Resolved [org.springframework.web.HttpRequestMethodNotSupportedException: Request method 'DELETE' not supported]
2022-12-09 22:33:17.870 [http-nio-8080-exec-8] WARN  org.springframework.web.servlet.mvc.method.annotation.ExceptionHandlerExceptionResolver - Resolved [org.springframework.web.bind.MethodArgumentNotValidException: Validation failed for argument [0] in public void com.vti.controller.DepartmentController.create(com.vti.form.DepartmentCreateForm): [Field error in object 'departmentCreateForm' on field 'type': rejected value [PROJECT MANAGER]; codes [Pattern.departmentCreateForm.type,Pattern.type,Pattern.java.lang.String,Pattern]; arguments [org.springframework.context.support.DefaultMessageSourceResolvable: codes [departmentCreateForm.type,type]; arguments []; default message [type],[Ljavax.validation.constraints.Pattern$Flag;@3e65a56e,DEVELOPER|TESTER|SCRUM_MASTER|PROJECT_MANAGER]; default message [Department type must be DEVELOPER or TESTER or SCRUM_MASTER or PROJECT_MANAGER.]] ]
2022-12-09 23:54:20.879 [SpringApplicationShutdownHook] INFO  org.springframework.orm.jpa.LocalContainerEntityManagerFactoryBean - Closing JPA EntityManagerFactory for persistence unit 'default'
2022-12-09 23:54:20.918 [SpringApplicationShutdownHook] INFO  com.zaxxer.hikari.HikariDataSource - HikariPool-1 - Shutdown initiated...
2022-12-09 23:54:20.930 [SpringApplicationShutdownHook] INFO  com.zaxxer.hikari.HikariDataSource - HikariPool-1 - Shutdown completed.
